<?xml version="1.0" encoding="UTF-8"?>
<!-- Generated by org.testng.reporters.JUnitXMLReporter -->
<testsuite ignored="8" hostname="DESKTOP-I16IA9O" failures="3" tests="24" name="Surefire test" time="377.618" errors="0" timestamp="2024-02-14T23:20:40 EET">
  <testcase classname="com.spacejat.dashboard.testcases.ChatOneToOneTest" name="ShouldBeAbleToOpenChatOne2One" time="12.285"/>
  <testcase classname="com.spacejat.dashboard.testcases.CreateChannelTest" name="ShouldBeJoinGeneralChannel" time="5.143">
    <failure type="org.openqa.selenium.StaleElementReferenceException" message="stale element reference: stale element not found
  (Session info: chrome=121.0.6167.162)
For documentation on this error, please visit: https://www.selenium.dev/documentation/webdriver/troubleshooting/errors#stale-element-reference-exception
Build info: version: &amp;apos;4.16.1&amp;apos;, revision: &amp;apos;9b4c83354e&amp;apos;
System info: os.name: &amp;apos;Windows 10&amp;apos;, os.arch: &amp;apos;amd64&amp;apos;, os.version: &amp;apos;10.0&amp;apos;, java.version: &amp;apos;19.0.2&amp;apos;
Driver info: org.openqa.selenium.chrome.ChromeDriver
Command: [953e81c55ee095e456852ac42af17740, clickElement {id=EF04DC726AB8E7F7F217EFBB854505DE_element_616}]
Capabilities {acceptInsecureCerts: false, browserName: chrome, browserVersion: 121.0.6167.162, chrome: {chromedriverVersion: 121.0.6167.85 (3f98d690ad7e..., userDataDir: C:\Users\BIDOKH~1\AppData\L...}, fedcm:accounts: true, goog:chromeOptions: {debuggerAddress: localhost:51712}, networkConnectionEnabled: false, pageLoadStrategy: normal, platformName: windows, proxy: Proxy(), se:cdp: ws://localhost:51712/devtoo..., se:cdpVersion: 121.0.6167.162, setWindowRect: true, strictFileInteractability: false, timeouts: {implicit: 0, pageLoad: 300000, script: 30000}, unhandledPromptBehavior: dismiss and notify, webauthn:extension:credBlob: true, webauthn:extension:largeBlob: true, webauthn:extension:minPinLength: true, webauthn:extension:prf: true, webauthn:virtualAuthenticators: true}
Element: [[ChromeDriver: chrome on windows (953e81c55ee095e456852ac42af17740)] -&amp;gt; xpath: //html/body/div/div[1]/div[53]/div[2]/div[6]/div/div[1]/div[1]]
Session ID: 953e81c55ee095e456852ac42af17740">
      <![CDATA[org.openqa.selenium.StaleElementReferenceException: stale element reference: stale element not found
  (Session info: chrome=121.0.6167.162)
For documentation on this error, please visit: https://www.selenium.dev/documentation/webdriver/troubleshooting/errors#stale-element-reference-exception
Build info: version: '4.16.1', revision: '9b4c83354e'
System info: os.name: 'Windows 10', os.arch: 'amd64', os.version: '10.0', java.version: '19.0.2'
Driver info: org.openqa.selenium.chrome.ChromeDriver
Command: [953e81c55ee095e456852ac42af17740, clickElement {id=EF04DC726AB8E7F7F217EFBB854505DE_element_616}]
Capabilities {acceptInsecureCerts: false, browserName: chrome, browserVersion: 121.0.6167.162, chrome: {chromedriverVersion: 121.0.6167.85 (3f98d690ad7e..., userDataDir: C:\Users\BIDOKH~1\AppData\L...}, fedcm:accounts: true, goog:chromeOptions: {debuggerAddress: localhost:51712}, networkConnectionEnabled: false, pageLoadStrategy: normal, platformName: windows, proxy: Proxy(), se:cdp: ws://localhost:51712/devtoo..., se:cdpVersion: 121.0.6167.162, setWindowRect: true, strictFileInteractability: false, timeouts: {implicit: 0, pageLoad: 300000, script: 30000}, unhandledPromptBehavior: dismiss and notify, webauthn:extension:credBlob: true, webauthn:extension:largeBlob: true, webauthn:extension:minPinLength: true, webauthn:extension:prf: true, webauthn:virtualAuthenticators: true}
Element: [[ChromeDriver: chrome on windows (953e81c55ee095e456852ac42af17740)] -> xpath: //html/body/div/div[1]/div[53]/div[2]/div[6]/div/div[1]/div[1]]
Session ID: 953e81c55ee095e456852ac42af17740
at org.openqa.selenium.remote.codec.w3c.W3CHttpResponseCodec.createException(W3CHttpResponseCodec.java:200)
at org.openqa.selenium.remote.codec.w3c.W3CHttpResponseCodec.decode(W3CHttpResponseCodec.java:133)
at org.openqa.selenium.remote.codec.w3c.W3CHttpResponseCodec.decode(W3CHttpResponseCodec.java:52)
at org.openqa.selenium.remote.HttpCommandExecutor.execute(HttpCommandExecutor.java:191)
at org.openqa.selenium.remote.service.DriverCommandExecutor.invokeExecute(DriverCommandExecutor.java:200)
at org.openqa.selenium.remote.service.DriverCommandExecutor.execute(DriverCommandExecutor.java:175)
at org.openqa.selenium.remote.RemoteWebDriver.execute(RemoteWebDriver.java:523)
at org.openqa.selenium.remote.RemoteWebElement.execute(RemoteWebElement.java:224)
at org.openqa.selenium.remote.RemoteWebElement.click(RemoteWebElement.java:77)
at org.openqa.selenium.support.pagefactory.internal.LocatingElementHandler.invoke(LocatingElementHandler.java:51)
at jdk.proxy2/jdk.proxy2.$Proxy21.click(Unknown Source)
at com.spacejat.dashboard.pages.HomePage.JoinGeneralChannel(HomePage.java:310)
at com.spacejat.dashboard.testcases.CreateChannelTest.ShouldBeJoinGeneralChannel(CreateChannelTest.java:22)
at java.base/java.util.ArrayList.forEach(ArrayList.java:1511)
... Removed 35 stack frames]]>
    </failure>
  </testcase> <!-- ShouldBeJoinGeneralChannel -->
  <testcase classname="com.spacejat.dashboard.testcases.CreateChannelTest" name="ShouldBePinAndUnpinChannelGeneral" time="10.29"/>
  <testcase classname="com.spacejat.dashboard.testcases.CreateChannelTest" name="ShouldBeAbleCreateTheChannelLocked" time="18.418"/>
  <testcase classname="com.spacejat.dashboard.testcases.CreateChannelTest" name="ShouldBeAbleCreateTheChannelPublic" time="11.207"/>
  <testcase classname="com.spacejat.dashboard.testcases.CreateMeetingTest" name="ShouldBeAbleCreateTheMeetingPublic" time="53.147"/>
  <testcase classname="com.spacejat.dashboard.testcases.CreateMeetingTest" name="ShouldBeAbleCreateTheMeetingPrivate" time="10.903"/>
  <testcase classname="com.spacejat.dashboard.testcases.LoginTest" name="ShouldBeAbleToLoginWithLinkIdentity" time="3.844"/>
  <testcase classname="com.spacejat.dashboard.testcases.LoginTest" name="ShouldBeAbleCancelToLoginWithLinkIdentity" time="3.493"/>
  <testcase classname="com.spacejat.dashboard.testcases.LoginTest" name="ShouldBeAbleExitToLoginWithLinkIdentity" time="43.015">
    <failure type="org.openqa.selenium.ElementNotInteractableException" message="element not interactable
  (Session info: chrome=121.0.6167.162)
Build info: version: &amp;apos;4.16.1&amp;apos;, revision: &amp;apos;9b4c83354e&amp;apos;
System info: os.name: &amp;apos;Windows 10&amp;apos;, os.arch: &amp;apos;amd64&amp;apos;, os.version: &amp;apos;10.0&amp;apos;, java.version: &amp;apos;19.0.2&amp;apos;
Driver info: org.openqa.selenium.chrome.ChromeDriver
Command: [c57e03673b939b2ae19015561d36f1f3, clickElement {id=6403BF056822AF8366F634CCE77D519C_element_234}]
Capabilities {acceptInsecureCerts: false, browserName: chrome, browserVersion: 121.0.6167.162, chrome: {chromedriverVersion: 121.0.6167.85 (3f98d690ad7e..., userDataDir: C:\Users\BIDOKH~1\AppData\L...}, fedcm:accounts: true, goog:chromeOptions: {debuggerAddress: localhost:52081}, networkConnectionEnabled: false, pageLoadStrategy: normal, platformName: windows, proxy: Proxy(), se:cdp: ws://localhost:52081/devtoo..., se:cdpVersion: 121.0.6167.162, setWindowRect: true, strictFileInteractability: false, timeouts: {implicit: 0, pageLoad: 300000, script: 30000}, unhandledPromptBehavior: dismiss and notify, webauthn:extension:credBlob: true, webauthn:extension:largeBlob: true, webauthn:extension:minPinLength: true, webauthn:extension:prf: true, webauthn:virtualAuthenticators: true}
Element: [[ChromeDriver: chrome on windows (c57e03673b939b2ae19015561d36f1f3)] -&amp;gt; id: buttonIconCloseChannel]
Session ID: c57e03673b939b2ae19015561d36f1f3">
      <![CDATA[org.openqa.selenium.ElementNotInteractableException: element not interactable
  (Session info: chrome=121.0.6167.162)
Build info: version: '4.16.1', revision: '9b4c83354e'
System info: os.name: 'Windows 10', os.arch: 'amd64', os.version: '10.0', java.version: '19.0.2'
Driver info: org.openqa.selenium.chrome.ChromeDriver
Command: [c57e03673b939b2ae19015561d36f1f3, clickElement {id=6403BF056822AF8366F634CCE77D519C_element_234}]
Capabilities {acceptInsecureCerts: false, browserName: chrome, browserVersion: 121.0.6167.162, chrome: {chromedriverVersion: 121.0.6167.85 (3f98d690ad7e..., userDataDir: C:\Users\BIDOKH~1\AppData\L...}, fedcm:accounts: true, goog:chromeOptions: {debuggerAddress: localhost:52081}, networkConnectionEnabled: false, pageLoadStrategy: normal, platformName: windows, proxy: Proxy(), se:cdp: ws://localhost:52081/devtoo..., se:cdpVersion: 121.0.6167.162, setWindowRect: true, strictFileInteractability: false, timeouts: {implicit: 0, pageLoad: 300000, script: 30000}, unhandledPromptBehavior: dismiss and notify, webauthn:extension:credBlob: true, webauthn:extension:largeBlob: true, webauthn:extension:minPinLength: true, webauthn:extension:prf: true, webauthn:virtualAuthenticators: true}
Element: [[ChromeDriver: chrome on windows (c57e03673b939b2ae19015561d36f1f3)] -> id: buttonIconCloseChannel]
Session ID: c57e03673b939b2ae19015561d36f1f3
at org.openqa.selenium.remote.codec.w3c.W3CHttpResponseCodec.createException(W3CHttpResponseCodec.java:200)
at org.openqa.selenium.remote.codec.w3c.W3CHttpResponseCodec.decode(W3CHttpResponseCodec.java:133)
at org.openqa.selenium.remote.codec.w3c.W3CHttpResponseCodec.decode(W3CHttpResponseCodec.java:52)
at org.openqa.selenium.remote.HttpCommandExecutor.execute(HttpCommandExecutor.java:191)
at org.openqa.selenium.remote.service.DriverCommandExecutor.invokeExecute(DriverCommandExecutor.java:200)
at org.openqa.selenium.remote.service.DriverCommandExecutor.execute(DriverCommandExecutor.java:175)
at org.openqa.selenium.remote.RemoteWebDriver.execute(RemoteWebDriver.java:523)
at org.openqa.selenium.remote.RemoteWebElement.execute(RemoteWebElement.java:224)
at org.openqa.selenium.remote.RemoteWebElement.click(RemoteWebElement.java:77)
at org.openqa.selenium.support.pagefactory.internal.LocatingElementHandler.invoke(LocatingElementHandler.java:51)
at jdk.proxy2/jdk.proxy2.$Proxy21.click(Unknown Source)
at com.spacejat.dashboard.pages.MainPage.ExitLoginWithLinkDeviceIdentity(MainPage.java:180)
at com.spacejat.dashboard.testcases.LoginTest.ShouldBeAbleExitToLoginWithLinkIdentity(LoginTest.java:41)
at java.base/java.util.ArrayList.forEach(ArrayList.java:1511)
... Removed 35 stack frames]]>
    </failure>
  </testcase> <!-- ShouldBeAbleExitToLoginWithLinkIdentity -->
  <testcase classname="com.spacejat.dashboard.testcases.LoginTest" name="ShouldBeAbleInvalidToLoginWithLinkIdentity" time="4.006"/>
  <testcase classname="com.spacejat.dashboard.testcases.LoginTest" name="ShouldBeAbleExitInvalidToLoginWithLinkIdentity" time="3.582"/>
  <testcase classname="com.spacejat.dashboard.testcases.LoginTest" name="ShouldBeAbleExitToLoginWithInvitationLink" time="5.098"/>
  <testcase classname="com.spacejat.dashboard.testcases.LoginTest" name="ShouldBeAbleCancelToLoginWithInvitationLink" time="4.917"/>
  <testcase classname="com.spacejat.dashboard.testcases.LoginTest" name="ShouldBeAbleCancelToSelectYourIdentity" time="4.851"/>
  <testcase classname="com.spacejat.dashboard.testcases.LoginTest" name="ShouldBeAbleExitToSelectYourIdentity" time="5.084"/>
  <testcase classname="com.spacejat.dashboard.testcases.LoginTest" name="ShouldBeAbleToCancelCreateIdentity" time="5.565"/>
  <testcase classname="com.spacejat.dashboard.testcases.LoginTest" name="ShouldBeAbleToIconCloseCreateIdentity" time="4.802"/>
  <testcase classname="com.spacejat.dashboard.testcases.LoginTest" name="ShouldBeAbleToLoginWithInvitationLink" time="5.305"/>
  <testcase classname="com.spacejat.dashboard.testcases.LoginTest" name="ShouldBeAbleCancelAfterCreateIdentityToLoginWithInvitationLink" time="5.272"/>
  <testcase classname="com.spacejat.dashboard.testcases.LoginTest" name="ShouldBeAbleToJoinMeetingAsAGuest" time="43.138">
    <failure type="org.openqa.selenium.ElementNotInteractableException" message="element not interactable
  (Session info: chrome=121.0.6167.162)
Build info: version: &amp;apos;4.16.1&amp;apos;, revision: &amp;apos;9b4c83354e&amp;apos;
System info: os.name: &amp;apos;Windows 10&amp;apos;, os.arch: &amp;apos;amd64&amp;apos;, os.version: &amp;apos;10.0&amp;apos;, java.version: &amp;apos;19.0.2&amp;apos;
Driver info: org.openqa.selenium.chrome.ChromeDriver
Command: [4eadda29b572c29fd6374471fc288f10, sendKeysToElement {id=9C7B7E8F1B747843DE7A4D32DF71B287_element_107, value=[Ljava.lang.CharSequence;@263e02b5}]
Capabilities {acceptInsecureCerts: false, browserName: chrome, browserVersion: 121.0.6167.162, chrome: {chromedriverVersion: 121.0.6167.85 (3f98d690ad7e..., userDataDir: C:\Users\BIDOKH~1\AppData\L...}, fedcm:accounts: true, goog:chromeOptions: {debuggerAddress: localhost:52506}, networkConnectionEnabled: false, pageLoadStrategy: normal, platformName: windows, proxy: Proxy(), se:cdp: ws://localhost:52506/devtoo..., se:cdpVersion: 121.0.6167.162, setWindowRect: true, strictFileInteractability: false, timeouts: {implicit: 0, pageLoad: 300000, script: 30000}, unhandledPromptBehavior: dismiss and notify, webauthn:extension:credBlob: true, webauthn:extension:largeBlob: true, webauthn:extension:minPinLength: true, webauthn:extension:prf: true, webauthn:virtualAuthenticators: true}
Element: [[ChromeDriver: chrome on windows (4eadda29b572c29fd6374471fc288f10)] -&amp;gt; id: floatingInputFirstName5]
Session ID: 4eadda29b572c29fd6374471fc288f10">
      <![CDATA[org.openqa.selenium.ElementNotInteractableException: element not interactable
  (Session info: chrome=121.0.6167.162)
Build info: version: '4.16.1', revision: '9b4c83354e'
System info: os.name: 'Windows 10', os.arch: 'amd64', os.version: '10.0', java.version: '19.0.2'
Driver info: org.openqa.selenium.chrome.ChromeDriver
Command: [4eadda29b572c29fd6374471fc288f10, sendKeysToElement {id=9C7B7E8F1B747843DE7A4D32DF71B287_element_107, value=[Ljava.lang.CharSequence;@263e02b5}]
Capabilities {acceptInsecureCerts: false, browserName: chrome, browserVersion: 121.0.6167.162, chrome: {chromedriverVersion: 121.0.6167.85 (3f98d690ad7e..., userDataDir: C:\Users\BIDOKH~1\AppData\L...}, fedcm:accounts: true, goog:chromeOptions: {debuggerAddress: localhost:52506}, networkConnectionEnabled: false, pageLoadStrategy: normal, platformName: windows, proxy: Proxy(), se:cdp: ws://localhost:52506/devtoo..., se:cdpVersion: 121.0.6167.162, setWindowRect: true, strictFileInteractability: false, timeouts: {implicit: 0, pageLoad: 300000, script: 30000}, unhandledPromptBehavior: dismiss and notify, webauthn:extension:credBlob: true, webauthn:extension:largeBlob: true, webauthn:extension:minPinLength: true, webauthn:extension:prf: true, webauthn:virtualAuthenticators: true}
Element: [[ChromeDriver: chrome on windows (4eadda29b572c29fd6374471fc288f10)] -> id: floatingInputFirstName5]
Session ID: 4eadda29b572c29fd6374471fc288f10
at org.openqa.selenium.remote.codec.w3c.W3CHttpResponseCodec.createException(W3CHttpResponseCodec.java:200)
at org.openqa.selenium.remote.codec.w3c.W3CHttpResponseCodec.decode(W3CHttpResponseCodec.java:133)
at org.openqa.selenium.remote.codec.w3c.W3CHttpResponseCodec.decode(W3CHttpResponseCodec.java:52)
at org.openqa.selenium.remote.HttpCommandExecutor.execute(HttpCommandExecutor.java:191)
at org.openqa.selenium.remote.service.DriverCommandExecutor.invokeExecute(DriverCommandExecutor.java:200)
at org.openqa.selenium.remote.service.DriverCommandExecutor.execute(DriverCommandExecutor.java:175)
at org.openqa.selenium.remote.RemoteWebDriver.execute(RemoteWebDriver.java:523)
at org.openqa.selenium.remote.RemoteWebElement.execute(RemoteWebElement.java:224)
at org.openqa.selenium.remote.RemoteWebElement.sendKeys(RemoteWebElement.java:111)
at org.openqa.selenium.support.pagefactory.internal.LocatingElementHandler.invoke(LocatingElementHandler.java:51)
at jdk.proxy2/jdk.proxy2.$Proxy21.sendKeys(Unknown Source)
at com.spacejat.dashboard.pages.MainPage.JoinMeetingAsAGuest(MainPage.java:284)
at com.spacejat.dashboard.testcases.LoginTest.ShouldBeAbleToJoinMeetingAsAGuest(LoginTest.java:183)
at java.base/java.util.ArrayList.forEach(ArrayList.java:1511)
... Removed 35 stack frames]]>
    </failure>
  </testcase> <!-- ShouldBeAbleToJoinMeetingAsAGuest -->
  <testcase classname="com.spacejat.dashboard.testcases.LoginTest" name="ShouldBeAbleExitToJoinMeetingAsAGuest" time="4.3"/>
  <testcase classname="com.spacejat.dashboard.testcases.LoginTest" name="ShouldBeAbleCancelToJoinMeetingAsAGuest" time="4.335"/>
  <testcase classname="com.spacejat.dashboard.testcases.LoginTest" name="ShouldBeAbleToExitTermsAndConditions" time="3.669"/>
  <testcase classname="com.spacejat.dashboard.base.BaseTest" name="@AfterSuite afterSuite" time="0.0">
    <ignored/>
  </testcase> <!-- @AfterSuite afterSuite -->
  <testcase classname="com.spacejat.dashboard.base.BaseTest" name="@AfterSuite afterSuite" time="0.0">
    <ignored/>
  </testcase> <!-- @AfterSuite afterSuite -->
  <testcase classname="com.spacejat.dashboard.base.BaseTest" name="@BeforeSuite DeleteVideos" time="0.0">
    <ignored/>
  </testcase> <!-- @BeforeSuite DeleteVideos -->
  <testcase classname="com.spacejat.dashboard.base.BaseTest" name="@AfterSuite afterSuite" time="0.0">
    <ignored/>
  </testcase> <!-- @AfterSuite afterSuite -->
  <testcase classname="com.spacejat.dashboard.base.BaseTest" name="@AfterSuite afterSuite" time="0.0">
    <ignored/>
  </testcase> <!-- @AfterSuite afterSuite -->
  <testcase classname="com.spacejat.dashboard.base.BaseTest" name="@BeforeSuite DeleteVideos" time="0.0">
    <ignored/>
  </testcase> <!-- @BeforeSuite DeleteVideos -->
  <testcase classname="com.spacejat.dashboard.base.BaseTest" name="@BeforeSuite DeleteVideos" time="0.0">
    <ignored/>
  </testcase> <!-- @BeforeSuite DeleteVideos -->
  <testcase classname="com.spacejat.dashboard.base.BaseTest" name="@BeforeSuite DeleteVideos" time="0.0">
    <ignored/>
  </testcase> <!-- @BeforeSuite DeleteVideos -->
</testsuite> <!-- Surefire test -->
