<?xml version="1.0" encoding="UTF-8"?>
<testng-results ignored="0" total="24" passed="21" failed="3" skipped="0">
  <reporter-output>
  </reporter-output>
  <suite started-at="2024-02-14T23:14:22 EET" name="Surefire suite" finished-at="2024-02-14T23:20:40 EET" duration-ms="377618">
    <groups>
    </groups>
    <test started-at="2024-02-14T23:14:22 EET" name="Surefire test" finished-at="2024-02-14T23:20:40 EET" duration-ms="377618">
      <class name="com.spacejat.dashboard.testcases.CreateMeetingTest">
        <test-method is-config="true" signature="SetUp(org.testng.ITestResult)[pri:0, instance:com.spacejat.dashboard.testcases.CreateMeetingTest@7a7d1b47]" started-at="2024-02-14T23:15:41 EET" name="SetUp" finished-at="2024-02-14T23:15:43 EET" duration-ms="1782" status="PASS">
          <params>
            <param index="0">
              <value>
                <![CDATA[[TestResult name={null} status=CREATED method=CreateMeetingTest.ShouldBeAbleCreateTheMeetingPublic()[pri:1, instance:com.spacejat.dashboard.testcases.CreateMeetingTest@7a7d1b47] output={null}]]]>
              </value>
            </param>
          </params>
          <reporter-output>
          </reporter-output>
        </test-method> <!-- SetUp -->
        <test-method signature="ShouldBeAbleCreateTheMeetingPublic()[pri:1, instance:com.spacejat.dashboard.testcases.CreateMeetingTest@7a7d1b47]" started-at="2024-02-14T23:15:43 EET" name="ShouldBeAbleCreateTheMeetingPublic" description="Test the Create meeting functionality Selecting public" finished-at="2024-02-14T23:16:36 EET" duration-ms="53147" status="PASS">
          <reporter-output>
          </reporter-output>
        </test-method> <!-- ShouldBeAbleCreateTheMeetingPublic -->
        <test-method is-config="true" signature="TearDown(org.testng.ITestResult)[pri:0, instance:com.spacejat.dashboard.testcases.CreateMeetingTest@7a7d1b47]" started-at="2024-02-14T23:16:36 EET" name="TearDown" finished-at="2024-02-14T23:16:39 EET" duration-ms="2274" status="PASS">
          <params>
            <param index="0">
              <value>
                <![CDATA[[TestResult name=ShouldBeAbleCreateTheMeetingPublic status=SUCCESS method=CreateMeetingTest.ShouldBeAbleCreateTheMeetingPublic()[pri:1, instance:com.spacejat.dashboard.testcases.CreateMeetingTest@7a7d1b47] output={null}]]]>
              </value>
            </param>
          </params>
          <reporter-output>
          </reporter-output>
        </test-method> <!-- TearDown -->
        <test-method is-config="true" signature="SetUp(org.testng.ITestResult)[pri:0, instance:com.spacejat.dashboard.testcases.CreateMeetingTest@7a7d1b47]" started-at="2024-02-14T23:16:39 EET" name="SetUp" finished-at="2024-02-14T23:16:40 EET" duration-ms="1818" status="PASS">
          <params>
            <param index="0">
              <value>
                <![CDATA[[TestResult name={null} status=CREATED method=CreateMeetingTest.ShouldBeAbleCreateTheMeetingPrivate()[pri:2, instance:com.spacejat.dashboard.testcases.CreateMeetingTest@7a7d1b47] output={null}]]]>
              </value>
            </param>
          </params>
          <reporter-output>
          </reporter-output>
        </test-method> <!-- SetUp -->
        <test-method signature="ShouldBeAbleCreateTheMeetingPrivate()[pri:2, instance:com.spacejat.dashboard.testcases.CreateMeetingTest@7a7d1b47]" started-at="2024-02-14T23:16:40 EET" name="ShouldBeAbleCreateTheMeetingPrivate" description="Test the Create meeting functionality Selecting private" finished-at="2024-02-14T23:16:51 EET" duration-ms="10903" status="PASS">
          <reporter-output>
          </reporter-output>
        </test-method> <!-- ShouldBeAbleCreateTheMeetingPrivate -->
        <test-method is-config="true" signature="TearDown(org.testng.ITestResult)[pri:0, instance:com.spacejat.dashboard.testcases.CreateMeetingTest@7a7d1b47]" started-at="2024-02-14T23:16:51 EET" name="TearDown" finished-at="2024-02-14T23:16:54 EET" duration-ms="2306" status="PASS">
          <params>
            <param index="0">
              <value>
                <![CDATA[[TestResult name=ShouldBeAbleCreateTheMeetingPrivate status=SUCCESS method=CreateMeetingTest.ShouldBeAbleCreateTheMeetingPrivate()[pri:2, instance:com.spacejat.dashboard.testcases.CreateMeetingTest@7a7d1b47] output={null}]]]>
              </value>
            </param>
          </params>
          <reporter-output>
          </reporter-output>
        </test-method> <!-- TearDown -->
      </class> <!-- com.spacejat.dashboard.testcases.CreateMeetingTest -->
      <class name="com.spacejat.dashboard.testcases.LoginTest">
        <test-method is-config="true" signature="SetUp(org.testng.ITestResult)[pri:0, instance:com.spacejat.dashboard.testcases.LoginTest@376e7531]" started-at="2024-02-14T23:16:54 EET" name="SetUp" finished-at="2024-02-14T23:16:55 EET" duration-ms="1115" status="PASS">
          <params>
            <param index="0">
              <value>
                <![CDATA[[TestResult name={null} status=CREATED method=LoginTest.ShouldBeAbleToLoginWithLinkIdentity()[pri:1, instance:com.spacejat.dashboard.testcases.LoginTest@376e7531] output={null}]]]>
              </value>
            </param>
          </params>
          <reporter-output>
          </reporter-output>
        </test-method> <!-- SetUp -->
        <test-method signature="ShouldBeAbleToLoginWithLinkIdentity()[pri:1, instance:com.spacejat.dashboard.testcases.LoginTest@376e7531]" started-at="2024-02-14T23:16:55 EET" name="ShouldBeAbleToLoginWithLinkIdentity" description="Test the login functionality using link identity" finished-at="2024-02-14T23:16:59 EET" duration-ms="3844" status="PASS">
          <reporter-output>
          </reporter-output>
        </test-method> <!-- ShouldBeAbleToLoginWithLinkIdentity -->
        <test-method is-config="true" signature="TearDown(org.testng.ITestResult)[pri:0, instance:com.spacejat.dashboard.testcases.LoginTest@376e7531]" started-at="2024-02-14T23:16:59 EET" name="TearDown" finished-at="2024-02-14T23:17:01 EET" duration-ms="2234" status="PASS">
          <params>
            <param index="0">
              <value>
                <![CDATA[[TestResult name=ShouldBeAbleToLoginWithLinkIdentity status=SUCCESS method=LoginTest.ShouldBeAbleToLoginWithLinkIdentity()[pri:1, instance:com.spacejat.dashboard.testcases.LoginTest@376e7531] output={null}]]]>
              </value>
            </param>
          </params>
          <reporter-output>
          </reporter-output>
        </test-method> <!-- TearDown -->
        <test-method is-config="true" signature="SetUp(org.testng.ITestResult)[pri:0, instance:com.spacejat.dashboard.testcases.LoginTest@376e7531]" started-at="2024-02-14T23:17:01 EET" name="SetUp" finished-at="2024-02-14T23:17:03 EET" duration-ms="1760" status="PASS">
          <params>
            <param index="0">
              <value>
                <![CDATA[[TestResult name={null} status=CREATED method=LoginTest.ShouldBeAbleCancelToLoginWithLinkIdentity()[pri:2, instance:com.spacejat.dashboard.testcases.LoginTest@376e7531] output={null}]]]>
              </value>
            </param>
          </params>
          <reporter-output>
          </reporter-output>
        </test-method> <!-- SetUp -->
        <test-method signature="ShouldBeAbleCancelToLoginWithLinkIdentity()[pri:2, instance:com.spacejat.dashboard.testcases.LoginTest@376e7531]" started-at="2024-02-14T23:17:03 EET" name="ShouldBeAbleCancelToLoginWithLinkIdentity" description="Test the cancel login functionality using link identity" finished-at="2024-02-14T23:17:06 EET" duration-ms="3493" status="PASS">
          <reporter-output>
          </reporter-output>
        </test-method> <!-- ShouldBeAbleCancelToLoginWithLinkIdentity -->
        <test-method is-config="true" signature="TearDown(org.testng.ITestResult)[pri:0, instance:com.spacejat.dashboard.testcases.LoginTest@376e7531]" started-at="2024-02-14T23:17:06 EET" name="TearDown" finished-at="2024-02-14T23:17:08 EET" duration-ms="2214" status="PASS">
          <params>
            <param index="0">
              <value>
                <![CDATA[[TestResult name=ShouldBeAbleCancelToLoginWithLinkIdentity status=SUCCESS method=LoginTest.ShouldBeAbleCancelToLoginWithLinkIdentity()[pri:2, instance:com.spacejat.dashboard.testcases.LoginTest@376e7531] output={null}]]]>
              </value>
            </param>
          </params>
          <reporter-output>
          </reporter-output>
        </test-method> <!-- TearDown -->
        <test-method is-config="true" signature="SetUp(org.testng.ITestResult)[pri:0, instance:com.spacejat.dashboard.testcases.LoginTest@376e7531]" started-at="2024-02-14T23:17:08 EET" name="SetUp" finished-at="2024-02-14T23:17:11 EET" duration-ms="2193" status="PASS">
          <params>
            <param index="0">
              <value>
                <![CDATA[[TestResult name={null} status=CREATED method=LoginTest.ShouldBeAbleExitToLoginWithLinkIdentity()[pri:3, instance:com.spacejat.dashboard.testcases.LoginTest@376e7531] output={null}]]]>
              </value>
            </param>
          </params>
          <reporter-output>
          </reporter-output>
        </test-method> <!-- SetUp -->
        <test-method signature="ShouldBeAbleExitToLoginWithLinkIdentity()[pri:3, instance:com.spacejat.dashboard.testcases.LoginTest@376e7531]" started-at="2024-02-14T23:17:11 EET" name="ShouldBeAbleExitToLoginWithLinkIdentity" description="Test the exit login functionality using link identity" finished-at="2024-02-14T23:17:54 EET" duration-ms="43015" status="FAIL">
          <exception class="org.openqa.selenium.ElementNotInteractableException">
            <message>
              <![CDATA[element not interactable
  (Session info: chrome=121.0.6167.162)
Build info: version: '4.16.1', revision: '9b4c83354e'
System info: os.name: 'Windows 10', os.arch: 'amd64', os.version: '10.0', java.version: '19.0.2'
Driver info: org.openqa.selenium.chrome.ChromeDriver
Command: [c57e03673b939b2ae19015561d36f1f3, clickElement {id=6403BF056822AF8366F634CCE77D519C_element_234}]
Capabilities {acceptInsecureCerts: false, browserName: chrome, browserVersion: 121.0.6167.162, chrome: {chromedriverVersion: 121.0.6167.85 (3f98d690ad7e..., userDataDir: C:\Users\BIDOKH~1\AppData\L...}, fedcm:accounts: true, goog:chromeOptions: {debuggerAddress: localhost:52081}, networkConnectionEnabled: false, pageLoadStrategy: normal, platformName: windows, proxy: Proxy(), se:cdp: ws://localhost:52081/devtoo..., se:cdpVersion: 121.0.6167.162, setWindowRect: true, strictFileInteractability: false, timeouts: {implicit: 0, pageLoad: 300000, script: 30000}, unhandledPromptBehavior: dismiss and notify, webauthn:extension:credBlob: true, webauthn:extension:largeBlob: true, webauthn:extension:minPinLength: true, webauthn:extension:prf: true, webauthn:virtualAuthenticators: true}
Element: [[ChromeDriver: chrome on windows (c57e03673b939b2ae19015561d36f1f3)] -> id: buttonIconCloseChannel]
Session ID: c57e03673b939b2ae19015561d36f1f3]]>
            </message>
            <full-stacktrace>
              <![CDATA[org.openqa.selenium.ElementNotInteractableException: element not interactable
  (Session info: chrome=121.0.6167.162)
Build info: version: '4.16.1', revision: '9b4c83354e'
System info: os.name: 'Windows 10', os.arch: 'amd64', os.version: '10.0', java.version: '19.0.2'
Driver info: org.openqa.selenium.chrome.ChromeDriver
Command: [c57e03673b939b2ae19015561d36f1f3, clickElement {id=6403BF056822AF8366F634CCE77D519C_element_234}]
Capabilities {acceptInsecureCerts: false, browserName: chrome, browserVersion: 121.0.6167.162, chrome: {chromedriverVersion: 121.0.6167.85 (3f98d690ad7e..., userDataDir: C:\Users\BIDOKH~1\AppData\L...}, fedcm:accounts: true, goog:chromeOptions: {debuggerAddress: localhost:52081}, networkConnectionEnabled: false, pageLoadStrategy: normal, platformName: windows, proxy: Proxy(), se:cdp: ws://localhost:52081/devtoo..., se:cdpVersion: 121.0.6167.162, setWindowRect: true, strictFileInteractability: false, timeouts: {implicit: 0, pageLoad: 300000, script: 30000}, unhandledPromptBehavior: dismiss and notify, webauthn:extension:credBlob: true, webauthn:extension:largeBlob: true, webauthn:extension:minPinLength: true, webauthn:extension:prf: true, webauthn:virtualAuthenticators: true}
Element: [[ChromeDriver: chrome on windows (c57e03673b939b2ae19015561d36f1f3)] -> id: buttonIconCloseChannel]
Session ID: c57e03673b939b2ae19015561d36f1f3
at java.base/jdk.internal.reflect.DirectConstructorHandleAccessor.newInstance(DirectConstructorHandleAccessor.java:67)
at java.base/java.lang.reflect.Constructor.newInstanceWithCaller(Constructor.java:500)
at java.base/java.lang.reflect.Constructor.newInstance(Constructor.java:484)
at org.openqa.selenium.remote.codec.w3c.W3CHttpResponseCodec.createException(W3CHttpResponseCodec.java:200)
at org.openqa.selenium.remote.codec.w3c.W3CHttpResponseCodec.decode(W3CHttpResponseCodec.java:133)
at org.openqa.selenium.remote.codec.w3c.W3CHttpResponseCodec.decode(W3CHttpResponseCodec.java:52)
at org.openqa.selenium.remote.HttpCommandExecutor.execute(HttpCommandExecutor.java:191)
at org.openqa.selenium.remote.service.DriverCommandExecutor.invokeExecute(DriverCommandExecutor.java:200)
at org.openqa.selenium.remote.service.DriverCommandExecutor.execute(DriverCommandExecutor.java:175)
at org.openqa.selenium.remote.RemoteWebDriver.execute(RemoteWebDriver.java:523)
at org.openqa.selenium.remote.RemoteWebElement.execute(RemoteWebElement.java:224)
at org.openqa.selenium.remote.RemoteWebElement.click(RemoteWebElement.java:77)
at java.base/jdk.internal.reflect.DirectMethodHandleAccessor.invoke(DirectMethodHandleAccessor.java:104)
at java.base/java.lang.reflect.Method.invoke(Method.java:578)
at org.openqa.selenium.support.pagefactory.internal.LocatingElementHandler.invoke(LocatingElementHandler.java:51)
at jdk.proxy2/jdk.proxy2.$Proxy21.click(Unknown Source)
at com.spacejat.dashboard.pages.MainPage.ExitLoginWithLinkDeviceIdentity(MainPage.java:180)
at com.spacejat.dashboard.testcases.LoginTest.ShouldBeAbleExitToLoginWithLinkIdentity(LoginTest.java:41)
at java.base/jdk.internal.reflect.DirectMethodHandleAccessor.invoke(DirectMethodHandleAccessor.java:104)
at java.base/java.lang.reflect.Method.invoke(Method.java:578)
at org.testng.internal.invokers.MethodInvocationHelper.invokeMethod(MethodInvocationHelper.java:139)
at org.testng.internal.invokers.TestInvoker.invokeMethod(TestInvoker.java:664)
at org.testng.internal.invokers.TestInvoker.invokeTestMethod(TestInvoker.java:228)
at org.testng.internal.invokers.MethodRunner.runInSequence(MethodRunner.java:63)
at org.testng.internal.invokers.TestInvoker$MethodInvocationAgent.invoke(TestInvoker.java:961)
at org.testng.internal.invokers.TestInvoker.invokeTestMethods(TestInvoker.java:201)
at org.testng.internal.invokers.TestMethodWorker.invokeTestMethods(TestMethodWorker.java:148)
at org.testng.internal.invokers.TestMethodWorker.run(TestMethodWorker.java:128)
at java.base/java.util.ArrayList.forEach(ArrayList.java:1511)
at org.testng.TestRunner.privateRun(TestRunner.java:819)
at org.testng.TestRunner.run(TestRunner.java:619)
at org.testng.SuiteRunner.runTest(SuiteRunner.java:443)
at org.testng.SuiteRunner.runSequentially(SuiteRunner.java:437)
at org.testng.SuiteRunner.privateRun(SuiteRunner.java:397)
at org.testng.SuiteRunner.run(SuiteRunner.java:336)
at org.testng.SuiteRunnerWorker.runSuite(SuiteRunnerWorker.java:52)
at org.testng.SuiteRunnerWorker.run(SuiteRunnerWorker.java:95)
at org.testng.TestNG.runSuitesSequentially(TestNG.java:1301)
at org.testng.TestNG.runSuitesLocally(TestNG.java:1228)
at org.testng.TestNG.runSuites(TestNG.java:1134)
at org.testng.TestNG.run(TestNG.java:1101)
at org.apache.maven.surefire.testng.TestNGExecutor.run(TestNGExecutor.java:155)
at org.apache.maven.surefire.testng.TestNGDirectoryTestSuite.executeMulti(TestNGDirectoryTestSuite.java:169)
at org.apache.maven.surefire.testng.TestNGDirectoryTestSuite.execute(TestNGDirectoryTestSuite.java:88)
at org.apache.maven.surefire.testng.TestNGProvider.invoke(TestNGProvider.java:137)
at org.apache.maven.surefire.booter.ForkedBooter.runSuitesInProcess(ForkedBooter.java:385)
at org.apache.maven.surefire.booter.ForkedBooter.execute(ForkedBooter.java:162)
at org.apache.maven.surefire.booter.ForkedBooter.run(ForkedBooter.java:507)
at org.apache.maven.surefire.booter.ForkedBooter.main(ForkedBooter.java:495)
]]>
            </full-stacktrace>
          </exception> <!-- org.openqa.selenium.ElementNotInteractableException -->
          <reporter-output>
          </reporter-output>
        </test-method> <!-- ShouldBeAbleExitToLoginWithLinkIdentity -->
        <test-method is-config="true" signature="TearDown(org.testng.ITestResult)[pri:0, instance:com.spacejat.dashboard.testcases.LoginTest@376e7531]" started-at="2024-02-14T23:17:54 EET" name="TearDown" finished-at="2024-02-14T23:17:56 EET" duration-ms="2241" status="PASS">
          <params>
            <param index="0">
              <value>
                <![CDATA[[TestResult name=ShouldBeAbleExitToLoginWithLinkIdentity status=FAILURE method=LoginTest.ShouldBeAbleExitToLoginWithLinkIdentity()[pri:3, instance:com.spacejat.dashboard.testcases.LoginTest@376e7531] output={null}]]]>
              </value>
            </param>
          </params>
          <reporter-output>
          </reporter-output>
        </test-method> <!-- TearDown -->
        <test-method is-config="true" signature="SetUp(org.testng.ITestResult)[pri:0, instance:com.spacejat.dashboard.testcases.LoginTest@376e7531]" started-at="2024-02-14T23:17:56 EET" name="SetUp" finished-at="2024-02-14T23:17:58 EET" duration-ms="2080" status="PASS">
          <params>
            <param index="0">
              <value>
                <![CDATA[[TestResult name={null} status=CREATED method=LoginTest.ShouldBeAbleInvalidToLoginWithLinkIdentity()[pri:4, instance:com.spacejat.dashboard.testcases.LoginTest@376e7531] output={null}]]]>
              </value>
            </param>
          </params>
          <reporter-output>
          </reporter-output>
        </test-method> <!-- SetUp -->
        <test-method signature="ShouldBeAbleInvalidToLoginWithLinkIdentity()[pri:4, instance:com.spacejat.dashboard.testcases.LoginTest@376e7531]" started-at="2024-02-14T23:17:58 EET" name="ShouldBeAbleInvalidToLoginWithLinkIdentity" description="Test the login functionality using invalid link identity" finished-at="2024-02-14T23:18:02 EET" duration-ms="4006" status="PASS">
          <reporter-output>
          </reporter-output>
        </test-method> <!-- ShouldBeAbleInvalidToLoginWithLinkIdentity -->
        <test-method is-config="true" signature="TearDown(org.testng.ITestResult)[pri:0, instance:com.spacejat.dashboard.testcases.LoginTest@376e7531]" started-at="2024-02-14T23:18:02 EET" name="TearDown" finished-at="2024-02-14T23:18:04 EET" duration-ms="2184" status="PASS">
          <params>
            <param index="0">
              <value>
                <![CDATA[[TestResult name=ShouldBeAbleInvalidToLoginWithLinkIdentity status=SUCCESS method=LoginTest.ShouldBeAbleInvalidToLoginWithLinkIdentity()[pri:4, instance:com.spacejat.dashboard.testcases.LoginTest@376e7531] output={null}]]]>
              </value>
            </param>
          </params>
          <reporter-output>
          </reporter-output>
        </test-method> <!-- TearDown -->
        <test-method is-config="true" signature="SetUp(org.testng.ITestResult)[pri:0, instance:com.spacejat.dashboard.testcases.LoginTest@376e7531]" started-at="2024-02-14T23:18:04 EET" name="SetUp" finished-at="2024-02-14T23:18:07 EET" duration-ms="2466" status="PASS">
          <params>
            <param index="0">
              <value>
                <![CDATA[[TestResult name={null} status=CREATED method=LoginTest.ShouldBeAbleExitInvalidToLoginWithLinkIdentity()[pri:5, instance:com.spacejat.dashboard.testcases.LoginTest@376e7531] output={null}]]]>
              </value>
            </param>
          </params>
          <reporter-output>
          </reporter-output>
        </test-method> <!-- SetUp -->
        <test-method signature="ShouldBeAbleExitInvalidToLoginWithLinkIdentity()[pri:5, instance:com.spacejat.dashboard.testcases.LoginTest@376e7531]" started-at="2024-02-14T23:18:07 EET" name="ShouldBeAbleExitInvalidToLoginWithLinkIdentity" description="Test the exit login functionality using invalid link identity" finished-at="2024-02-14T23:18:10 EET" duration-ms="3582" status="PASS">
          <reporter-output>
          </reporter-output>
        </test-method> <!-- ShouldBeAbleExitInvalidToLoginWithLinkIdentity -->
        <test-method is-config="true" signature="TearDown(org.testng.ITestResult)[pri:0, instance:com.spacejat.dashboard.testcases.LoginTest@376e7531]" started-at="2024-02-14T23:18:10 EET" name="TearDown" finished-at="2024-02-14T23:18:12 EET" duration-ms="2232" status="PASS">
          <params>
            <param index="0">
              <value>
                <![CDATA[[TestResult name=ShouldBeAbleExitInvalidToLoginWithLinkIdentity status=SUCCESS method=LoginTest.ShouldBeAbleExitInvalidToLoginWithLinkIdentity()[pri:5, instance:com.spacejat.dashboard.testcases.LoginTest@376e7531] output={null}]]]>
              </value>
            </param>
          </params>
          <reporter-output>
          </reporter-output>
        </test-method> <!-- TearDown -->
        <test-method is-config="true" signature="SetUp(org.testng.ITestResult)[pri:0, instance:com.spacejat.dashboard.testcases.LoginTest@376e7531]" started-at="2024-02-14T23:18:12 EET" name="SetUp" finished-at="2024-02-14T23:18:14 EET" duration-ms="2066" status="PASS">
          <params>
            <param index="0">
              <value>
                <![CDATA[[TestResult name={null} status=CREATED method=LoginTest.ShouldBeAbleExitToLoginWithInvitationLink()[pri:6, instance:com.spacejat.dashboard.testcases.LoginTest@376e7531] output={null}]]]>
              </value>
            </param>
          </params>
          <reporter-output>
          </reporter-output>
        </test-method> <!-- SetUp -->
        <test-method signature="ShouldBeAbleExitToLoginWithInvitationLink()[pri:6, instance:com.spacejat.dashboard.testcases.LoginTest@376e7531]" started-at="2024-02-14T23:18:14 EET" name="ShouldBeAbleExitToLoginWithInvitationLink" description="Test the exit login functionality using Invitation link" finished-at="2024-02-14T23:18:19 EET" duration-ms="5098" status="PASS">
          <reporter-output>
          </reporter-output>
        </test-method> <!-- ShouldBeAbleExitToLoginWithInvitationLink -->
        <test-method is-config="true" signature="TearDown(org.testng.ITestResult)[pri:0, instance:com.spacejat.dashboard.testcases.LoginTest@376e7531]" started-at="2024-02-14T23:18:19 EET" name="TearDown" finished-at="2024-02-14T23:18:22 EET" duration-ms="2206" status="PASS">
          <params>
            <param index="0">
              <value>
                <![CDATA[[TestResult name=ShouldBeAbleExitToLoginWithInvitationLink status=SUCCESS method=LoginTest.ShouldBeAbleExitToLoginWithInvitationLink()[pri:6, instance:com.spacejat.dashboard.testcases.LoginTest@376e7531] output={null}]]]>
              </value>
            </param>
          </params>
          <reporter-output>
          </reporter-output>
        </test-method> <!-- TearDown -->
        <test-method is-config="true" signature="SetUp(org.testng.ITestResult)[pri:0, instance:com.spacejat.dashboard.testcases.LoginTest@376e7531]" started-at="2024-02-14T23:18:22 EET" name="SetUp" finished-at="2024-02-14T23:18:24 EET" duration-ms="2187" status="PASS">
          <params>
            <param index="0">
              <value>
                <![CDATA[[TestResult name={null} status=CREATED method=LoginTest.ShouldBeAbleCancelToLoginWithInvitationLink()[pri:7, instance:com.spacejat.dashboard.testcases.LoginTest@376e7531] output={null}]]]>
              </value>
            </param>
          </params>
          <reporter-output>
          </reporter-output>
        </test-method> <!-- SetUp -->
        <test-method signature="ShouldBeAbleCancelToLoginWithInvitationLink()[pri:7, instance:com.spacejat.dashboard.testcases.LoginTest@376e7531]" started-at="2024-02-14T23:18:24 EET" name="ShouldBeAbleCancelToLoginWithInvitationLink" description="Test the cancel login functionality using Invitation link" finished-at="2024-02-14T23:18:29 EET" duration-ms="4917" status="PASS">
          <reporter-output>
          </reporter-output>
        </test-method> <!-- ShouldBeAbleCancelToLoginWithInvitationLink -->
        <test-method is-config="true" signature="TearDown(org.testng.ITestResult)[pri:0, instance:com.spacejat.dashboard.testcases.LoginTest@376e7531]" started-at="2024-02-14T23:18:29 EET" name="TearDown" finished-at="2024-02-14T23:18:31 EET" duration-ms="2239" status="PASS">
          <params>
            <param index="0">
              <value>
                <![CDATA[[TestResult name=ShouldBeAbleCancelToLoginWithInvitationLink status=SUCCESS method=LoginTest.ShouldBeAbleCancelToLoginWithInvitationLink()[pri:7, instance:com.spacejat.dashboard.testcases.LoginTest@376e7531] output={null}]]]>
              </value>
            </param>
          </params>
          <reporter-output>
          </reporter-output>
        </test-method> <!-- TearDown -->
        <test-method is-config="true" signature="SetUp(org.testng.ITestResult)[pri:0, instance:com.spacejat.dashboard.testcases.LoginTest@376e7531]" started-at="2024-02-14T23:18:31 EET" name="SetUp" finished-at="2024-02-14T23:18:33 EET" duration-ms="2121" status="PASS">
          <params>
            <param index="0">
              <value>
                <![CDATA[[TestResult name={null} status=CREATED method=LoginTest.ShouldBeAbleCancelToSelectYourIdentity()[pri:8, instance:com.spacejat.dashboard.testcases.LoginTest@376e7531] output={null}]]]>
              </value>
            </param>
          </params>
          <reporter-output>
          </reporter-output>
        </test-method> <!-- SetUp -->
        <test-method signature="ShouldBeAbleCancelToSelectYourIdentity()[pri:8, instance:com.spacejat.dashboard.testcases.LoginTest@376e7531]" started-at="2024-02-14T23:18:33 EET" name="ShouldBeAbleCancelToSelectYourIdentity" description="Test the login functionality Cancel To Select Your Identity using Invitation link" finished-at="2024-02-14T23:18:38 EET" duration-ms="4851" status="PASS">
          <reporter-output>
          </reporter-output>
        </test-method> <!-- ShouldBeAbleCancelToSelectYourIdentity -->
        <test-method is-config="true" signature="TearDown(org.testng.ITestResult)[pri:0, instance:com.spacejat.dashboard.testcases.LoginTest@376e7531]" started-at="2024-02-14T23:18:38 EET" name="TearDown" finished-at="2024-02-14T23:18:40 EET" duration-ms="2221" status="PASS">
          <params>
            <param index="0">
              <value>
                <![CDATA[[TestResult name=ShouldBeAbleCancelToSelectYourIdentity status=SUCCESS method=LoginTest.ShouldBeAbleCancelToSelectYourIdentity()[pri:8, instance:com.spacejat.dashboard.testcases.LoginTest@376e7531] output={null}]]]>
              </value>
            </param>
          </params>
          <reporter-output>
          </reporter-output>
        </test-method> <!-- TearDown -->
        <test-method is-config="true" signature="SetUp(org.testng.ITestResult)[pri:0, instance:com.spacejat.dashboard.testcases.LoginTest@376e7531]" started-at="2024-02-14T23:18:40 EET" name="SetUp" finished-at="2024-02-14T23:18:42 EET" duration-ms="2227" status="PASS">
          <params>
            <param index="0">
              <value>
                <![CDATA[[TestResult name={null} status=CREATED method=LoginTest.ShouldBeAbleExitToSelectYourIdentity()[pri:9, instance:com.spacejat.dashboard.testcases.LoginTest@376e7531] output={null}]]]>
              </value>
            </param>
          </params>
          <reporter-output>
          </reporter-output>
        </test-method> <!-- SetUp -->
        <test-method signature="ShouldBeAbleExitToSelectYourIdentity()[pri:9, instance:com.spacejat.dashboard.testcases.LoginTest@376e7531]" started-at="2024-02-14T23:18:42 EET" name="ShouldBeAbleExitToSelectYourIdentity" description="Test the login functionality exit To Select Your Identity using Invitation link" finished-at="2024-02-14T23:18:48 EET" duration-ms="5084" status="PASS">
          <reporter-output>
          </reporter-output>
        </test-method> <!-- ShouldBeAbleExitToSelectYourIdentity -->
        <test-method is-config="true" signature="TearDown(org.testng.ITestResult)[pri:0, instance:com.spacejat.dashboard.testcases.LoginTest@376e7531]" started-at="2024-02-14T23:18:48 EET" name="TearDown" finished-at="2024-02-14T23:18:50 EET" duration-ms="2185" status="PASS">
          <params>
            <param index="0">
              <value>
                <![CDATA[[TestResult name=ShouldBeAbleExitToSelectYourIdentity status=SUCCESS method=LoginTest.ShouldBeAbleExitToSelectYourIdentity()[pri:9, instance:com.spacejat.dashboard.testcases.LoginTest@376e7531] output={null}]]]>
              </value>
            </param>
          </params>
          <reporter-output>
          </reporter-output>
        </test-method> <!-- TearDown -->
        <test-method is-config="true" signature="SetUp(org.testng.ITestResult)[pri:0, instance:com.spacejat.dashboard.testcases.LoginTest@376e7531]" started-at="2024-02-14T23:18:50 EET" name="SetUp" finished-at="2024-02-14T23:18:52 EET" duration-ms="2016" status="PASS">
          <params>
            <param index="0">
              <value>
                <![CDATA[[TestResult name={null} status=CREATED method=LoginTest.ShouldBeAbleToCancelCreateIdentity()[pri:10, instance:com.spacejat.dashboard.testcases.LoginTest@376e7531] output={null}]]]>
              </value>
            </param>
          </params>
          <reporter-output>
          </reporter-output>
        </test-method> <!-- SetUp -->
        <test-method signature="ShouldBeAbleToCancelCreateIdentity()[pri:10, instance:com.spacejat.dashboard.testcases.LoginTest@376e7531]" started-at="2024-02-14T23:18:52 EET" name="ShouldBeAbleToCancelCreateIdentity" description="Test the login functionality using Cancel Create Identity" finished-at="2024-02-14T23:18:57 EET" duration-ms="5565" status="PASS">
          <reporter-output>
          </reporter-output>
        </test-method> <!-- ShouldBeAbleToCancelCreateIdentity -->
        <test-method is-config="true" signature="TearDown(org.testng.ITestResult)[pri:0, instance:com.spacejat.dashboard.testcases.LoginTest@376e7531]" started-at="2024-02-14T23:18:57 EET" name="TearDown" finished-at="2024-02-14T23:19:00 EET" duration-ms="2218" status="PASS">
          <params>
            <param index="0">
              <value>
                <![CDATA[[TestResult name=ShouldBeAbleToCancelCreateIdentity status=SUCCESS method=LoginTest.ShouldBeAbleToCancelCreateIdentity()[pri:10, instance:com.spacejat.dashboard.testcases.LoginTest@376e7531] output={null}]]]>
              </value>
            </param>
          </params>
          <reporter-output>
          </reporter-output>
        </test-method> <!-- TearDown -->
        <test-method is-config="true" signature="SetUp(org.testng.ITestResult)[pri:0, instance:com.spacejat.dashboard.testcases.LoginTest@376e7531]" started-at="2024-02-14T23:19:00 EET" name="SetUp" finished-at="2024-02-14T23:19:02 EET" duration-ms="2397" status="PASS">
          <params>
            <param index="0">
              <value>
                <![CDATA[[TestResult name={null} status=CREATED method=LoginTest.ShouldBeAbleToIconCloseCreateIdentity()[pri:11, instance:com.spacejat.dashboard.testcases.LoginTest@376e7531] output={null}]]]>
              </value>
            </param>
          </params>
          <reporter-output>
          </reporter-output>
        </test-method> <!-- SetUp -->
        <test-method signature="ShouldBeAbleToIconCloseCreateIdentity()[pri:11, instance:com.spacejat.dashboard.testcases.LoginTest@376e7531]" started-at="2024-02-14T23:19:02 EET" name="ShouldBeAbleToIconCloseCreateIdentity" description="Test the login functionality using Close Create Identity" finished-at="2024-02-14T23:19:07 EET" duration-ms="4802" status="PASS">
          <reporter-output>
          </reporter-output>
        </test-method> <!-- ShouldBeAbleToIconCloseCreateIdentity -->
        <test-method is-config="true" signature="TearDown(org.testng.ITestResult)[pri:0, instance:com.spacejat.dashboard.testcases.LoginTest@376e7531]" started-at="2024-02-14T23:19:07 EET" name="TearDown" finished-at="2024-02-14T23:19:09 EET" duration-ms="2181" status="PASS">
          <params>
            <param index="0">
              <value>
                <![CDATA[[TestResult name=ShouldBeAbleToIconCloseCreateIdentity status=SUCCESS method=LoginTest.ShouldBeAbleToIconCloseCreateIdentity()[pri:11, instance:com.spacejat.dashboard.testcases.LoginTest@376e7531] output={null}]]]>
              </value>
            </param>
          </params>
          <reporter-output>
          </reporter-output>
        </test-method> <!-- TearDown -->
        <test-method is-config="true" signature="SetUp(org.testng.ITestResult)[pri:0, instance:com.spacejat.dashboard.testcases.LoginTest@376e7531]" started-at="2024-02-14T23:19:09 EET" name="SetUp" finished-at="2024-02-14T23:19:11 EET" duration-ms="2061" status="PASS">
          <params>
            <param index="0">
              <value>
                <![CDATA[[TestResult name={null} status=CREATED method=LoginTest.ShouldBeAbleToLoginWithInvitationLink()[pri:12, instance:com.spacejat.dashboard.testcases.LoginTest@376e7531] output={null}]]]>
              </value>
            </param>
          </params>
          <reporter-output>
          </reporter-output>
        </test-method> <!-- SetUp -->
        <test-method signature="ShouldBeAbleToLoginWithInvitationLink()[pri:12, instance:com.spacejat.dashboard.testcases.LoginTest@376e7531]" started-at="2024-02-14T23:19:11 EET" name="ShouldBeAbleToLoginWithInvitationLink" description="Test the login functionality using Invitation link" finished-at="2024-02-14T23:19:16 EET" duration-ms="5305" status="PASS">
          <reporter-output>
          </reporter-output>
        </test-method> <!-- ShouldBeAbleToLoginWithInvitationLink -->
        <test-method is-config="true" signature="TearDown(org.testng.ITestResult)[pri:0, instance:com.spacejat.dashboard.testcases.LoginTest@376e7531]" started-at="2024-02-14T23:19:16 EET" name="TearDown" finished-at="2024-02-14T23:19:19 EET" duration-ms="2240" status="PASS">
          <params>
            <param index="0">
              <value>
                <![CDATA[[TestResult name=ShouldBeAbleToLoginWithInvitationLink status=SUCCESS method=LoginTest.ShouldBeAbleToLoginWithInvitationLink()[pri:12, instance:com.spacejat.dashboard.testcases.LoginTest@376e7531] output={null}]]]>
              </value>
            </param>
          </params>
          <reporter-output>
          </reporter-output>
        </test-method> <!-- TearDown -->
        <test-method is-config="true" signature="SetUp(org.testng.ITestResult)[pri:0, instance:com.spacejat.dashboard.testcases.LoginTest@376e7531]" started-at="2024-02-14T23:19:19 EET" name="SetUp" finished-at="2024-02-14T23:19:21 EET" duration-ms="2118" status="PASS">
          <params>
            <param index="0">
              <value>
                <![CDATA[[TestResult name={null} status=CREATED method=LoginTest.ShouldBeAbleCancelAfterCreateIdentityToLoginWithInvitationLink()[pri:13, instance:com.spacejat.dashboard.testcases.LoginTest@376e7531] output={null}]]]>
              </value>
            </param>
          </params>
          <reporter-output>
          </reporter-output>
        </test-method> <!-- SetUp -->
        <test-method signature="ShouldBeAbleCancelAfterCreateIdentityToLoginWithInvitationLink()[pri:13, instance:com.spacejat.dashboard.testcases.LoginTest@376e7531]" started-at="2024-02-14T23:19:21 EET" name="ShouldBeAbleCancelAfterCreateIdentityToLoginWithInvitationLink" description="Test the login functionality using Cancel After Create Identity" finished-at="2024-02-14T23:19:26 EET" duration-ms="5272" status="PASS">
          <reporter-output>
          </reporter-output>
        </test-method> <!-- ShouldBeAbleCancelAfterCreateIdentityToLoginWithInvitationLink -->
        <test-method is-config="true" signature="TearDown(org.testng.ITestResult)[pri:0, instance:com.spacejat.dashboard.testcases.LoginTest@376e7531]" started-at="2024-02-14T23:19:26 EET" name="TearDown" finished-at="2024-02-14T23:19:28 EET" duration-ms="2175" status="PASS">
          <params>
            <param index="0">
              <value>
                <![CDATA[[TestResult name=ShouldBeAbleCancelAfterCreateIdentityToLoginWithInvitationLink status=SUCCESS method=LoginTest.ShouldBeAbleCancelAfterCreateIdentityToLoginWithInvitationLink()[pri:13, instance:com.spacejat.dashboard.testcases.LoginTest@376e7531] output={null}]]]>
              </value>
            </param>
          </params>
          <reporter-output>
          </reporter-output>
        </test-method> <!-- TearDown -->
        <test-method is-config="true" signature="SetUp(org.testng.ITestResult)[pri:0, instance:com.spacejat.dashboard.testcases.LoginTest@376e7531]" started-at="2024-02-14T23:19:28 EET" name="SetUp" finished-at="2024-02-14T23:19:30 EET" duration-ms="2185" status="PASS">
          <params>
            <param index="0">
              <value>
                <![CDATA[[TestResult name={null} status=CREATED method=LoginTest.ShouldBeAbleToJoinMeetingAsAGuest()[pri:16, instance:com.spacejat.dashboard.testcases.LoginTest@376e7531] output={null}]]]>
              </value>
            </param>
          </params>
          <reporter-output>
          </reporter-output>
        </test-method> <!-- SetUp -->
        <test-method signature="ShouldBeAbleToJoinMeetingAsAGuest()[pri:16, instance:com.spacejat.dashboard.testcases.LoginTest@376e7531]" started-at="2024-02-14T23:19:30 EET" name="ShouldBeAbleToJoinMeetingAsAGuest" description="Test the Join Meeting functionality AS A Guest" finished-at="2024-02-14T23:20:13 EET" duration-ms="43138" status="FAIL">
          <exception class="org.openqa.selenium.ElementNotInteractableException">
            <message>
              <![CDATA[element not interactable
  (Session info: chrome=121.0.6167.162)
Build info: version: '4.16.1', revision: '9b4c83354e'
System info: os.name: 'Windows 10', os.arch: 'amd64', os.version: '10.0', java.version: '19.0.2'
Driver info: org.openqa.selenium.chrome.ChromeDriver
Command: [4eadda29b572c29fd6374471fc288f10, sendKeysToElement {id=9C7B7E8F1B747843DE7A4D32DF71B287_element_107, value=[Ljava.lang.CharSequence;@263e02b5}]
Capabilities {acceptInsecureCerts: false, browserName: chrome, browserVersion: 121.0.6167.162, chrome: {chromedriverVersion: 121.0.6167.85 (3f98d690ad7e..., userDataDir: C:\Users\BIDOKH~1\AppData\L...}, fedcm:accounts: true, goog:chromeOptions: {debuggerAddress: localhost:52506}, networkConnectionEnabled: false, pageLoadStrategy: normal, platformName: windows, proxy: Proxy(), se:cdp: ws://localhost:52506/devtoo..., se:cdpVersion: 121.0.6167.162, setWindowRect: true, strictFileInteractability: false, timeouts: {implicit: 0, pageLoad: 300000, script: 30000}, unhandledPromptBehavior: dismiss and notify, webauthn:extension:credBlob: true, webauthn:extension:largeBlob: true, webauthn:extension:minPinLength: true, webauthn:extension:prf: true, webauthn:virtualAuthenticators: true}
Element: [[ChromeDriver: chrome on windows (4eadda29b572c29fd6374471fc288f10)] -> id: floatingInputFirstName5]
Session ID: 4eadda29b572c29fd6374471fc288f10]]>
            </message>
            <full-stacktrace>
              <![CDATA[org.openqa.selenium.ElementNotInteractableException: element not interactable
  (Session info: chrome=121.0.6167.162)
Build info: version: '4.16.1', revision: '9b4c83354e'
System info: os.name: 'Windows 10', os.arch: 'amd64', os.version: '10.0', java.version: '19.0.2'
Driver info: org.openqa.selenium.chrome.ChromeDriver
Command: [4eadda29b572c29fd6374471fc288f10, sendKeysToElement {id=9C7B7E8F1B747843DE7A4D32DF71B287_element_107, value=[Ljava.lang.CharSequence;@263e02b5}]
Capabilities {acceptInsecureCerts: false, browserName: chrome, browserVersion: 121.0.6167.162, chrome: {chromedriverVersion: 121.0.6167.85 (3f98d690ad7e..., userDataDir: C:\Users\BIDOKH~1\AppData\L...}, fedcm:accounts: true, goog:chromeOptions: {debuggerAddress: localhost:52506}, networkConnectionEnabled: false, pageLoadStrategy: normal, platformName: windows, proxy: Proxy(), se:cdp: ws://localhost:52506/devtoo..., se:cdpVersion: 121.0.6167.162, setWindowRect: true, strictFileInteractability: false, timeouts: {implicit: 0, pageLoad: 300000, script: 30000}, unhandledPromptBehavior: dismiss and notify, webauthn:extension:credBlob: true, webauthn:extension:largeBlob: true, webauthn:extension:minPinLength: true, webauthn:extension:prf: true, webauthn:virtualAuthenticators: true}
Element: [[ChromeDriver: chrome on windows (4eadda29b572c29fd6374471fc288f10)] -> id: floatingInputFirstName5]
Session ID: 4eadda29b572c29fd6374471fc288f10
at java.base/jdk.internal.reflect.DirectConstructorHandleAccessor.newInstance(DirectConstructorHandleAccessor.java:67)
at java.base/java.lang.reflect.Constructor.newInstanceWithCaller(Constructor.java:500)
at java.base/java.lang.reflect.Constructor.newInstance(Constructor.java:484)
at org.openqa.selenium.remote.codec.w3c.W3CHttpResponseCodec.createException(W3CHttpResponseCodec.java:200)
at org.openqa.selenium.remote.codec.w3c.W3CHttpResponseCodec.decode(W3CHttpResponseCodec.java:133)
at org.openqa.selenium.remote.codec.w3c.W3CHttpResponseCodec.decode(W3CHttpResponseCodec.java:52)
at org.openqa.selenium.remote.HttpCommandExecutor.execute(HttpCommandExecutor.java:191)
at org.openqa.selenium.remote.service.DriverCommandExecutor.invokeExecute(DriverCommandExecutor.java:200)
at org.openqa.selenium.remote.service.DriverCommandExecutor.execute(DriverCommandExecutor.java:175)
at org.openqa.selenium.remote.RemoteWebDriver.execute(RemoteWebDriver.java:523)
at org.openqa.selenium.remote.RemoteWebElement.execute(RemoteWebElement.java:224)
at org.openqa.selenium.remote.RemoteWebElement.sendKeys(RemoteWebElement.java:111)
at java.base/jdk.internal.reflect.DirectMethodHandleAccessor.invoke(DirectMethodHandleAccessor.java:104)
at java.base/java.lang.reflect.Method.invoke(Method.java:578)
at org.openqa.selenium.support.pagefactory.internal.LocatingElementHandler.invoke(LocatingElementHandler.java:51)
at jdk.proxy2/jdk.proxy2.$Proxy21.sendKeys(Unknown Source)
at com.spacejat.dashboard.pages.MainPage.JoinMeetingAsAGuest(MainPage.java:284)
at com.spacejat.dashboard.testcases.LoginTest.ShouldBeAbleToJoinMeetingAsAGuest(LoginTest.java:183)
at java.base/jdk.internal.reflect.DirectMethodHandleAccessor.invoke(DirectMethodHandleAccessor.java:104)
at java.base/java.lang.reflect.Method.invoke(Method.java:578)
at org.testng.internal.invokers.MethodInvocationHelper.invokeMethod(MethodInvocationHelper.java:139)
at org.testng.internal.invokers.TestInvoker.invokeMethod(TestInvoker.java:664)
at org.testng.internal.invokers.TestInvoker.invokeTestMethod(TestInvoker.java:228)
at org.testng.internal.invokers.MethodRunner.runInSequence(MethodRunner.java:63)
at org.testng.internal.invokers.TestInvoker$MethodInvocationAgent.invoke(TestInvoker.java:961)
at org.testng.internal.invokers.TestInvoker.invokeTestMethods(TestInvoker.java:201)
at org.testng.internal.invokers.TestMethodWorker.invokeTestMethods(TestMethodWorker.java:148)
at org.testng.internal.invokers.TestMethodWorker.run(TestMethodWorker.java:128)
at java.base/java.util.ArrayList.forEach(ArrayList.java:1511)
at org.testng.TestRunner.privateRun(TestRunner.java:819)
at org.testng.TestRunner.run(TestRunner.java:619)
at org.testng.SuiteRunner.runTest(SuiteRunner.java:443)
at org.testng.SuiteRunner.runSequentially(SuiteRunner.java:437)
at org.testng.SuiteRunner.privateRun(SuiteRunner.java:397)
at org.testng.SuiteRunner.run(SuiteRunner.java:336)
at org.testng.SuiteRunnerWorker.runSuite(SuiteRunnerWorker.java:52)
at org.testng.SuiteRunnerWorker.run(SuiteRunnerWorker.java:95)
at org.testng.TestNG.runSuitesSequentially(TestNG.java:1301)
at org.testng.TestNG.runSuitesLocally(TestNG.java:1228)
at org.testng.TestNG.runSuites(TestNG.java:1134)
at org.testng.TestNG.run(TestNG.java:1101)
at org.apache.maven.surefire.testng.TestNGExecutor.run(TestNGExecutor.java:155)
at org.apache.maven.surefire.testng.TestNGDirectoryTestSuite.executeMulti(TestNGDirectoryTestSuite.java:169)
at org.apache.maven.surefire.testng.TestNGDirectoryTestSuite.execute(TestNGDirectoryTestSuite.java:88)
at org.apache.maven.surefire.testng.TestNGProvider.invoke(TestNGProvider.java:137)
at org.apache.maven.surefire.booter.ForkedBooter.runSuitesInProcess(ForkedBooter.java:385)
at org.apache.maven.surefire.booter.ForkedBooter.execute(ForkedBooter.java:162)
at org.apache.maven.surefire.booter.ForkedBooter.run(ForkedBooter.java:507)
at org.apache.maven.surefire.booter.ForkedBooter.main(ForkedBooter.java:495)
]]>
            </full-stacktrace>
          </exception> <!-- org.openqa.selenium.ElementNotInteractableException -->
          <reporter-output>
          </reporter-output>
        </test-method> <!-- ShouldBeAbleToJoinMeetingAsAGuest -->
        <test-method is-config="true" signature="TearDown(org.testng.ITestResult)[pri:0, instance:com.spacejat.dashboard.testcases.LoginTest@376e7531]" started-at="2024-02-14T23:20:13 EET" name="TearDown" finished-at="2024-02-14T23:20:16 EET" duration-ms="2223" status="PASS">
          <params>
            <param index="0">
              <value>
                <![CDATA[[TestResult name=ShouldBeAbleToJoinMeetingAsAGuest status=FAILURE method=LoginTest.ShouldBeAbleToJoinMeetingAsAGuest()[pri:16, instance:com.spacejat.dashboard.testcases.LoginTest@376e7531] output={null}]]]>
              </value>
            </param>
          </params>
          <reporter-output>
          </reporter-output>
        </test-method> <!-- TearDown -->
        <test-method is-config="true" signature="SetUp(org.testng.ITestResult)[pri:0, instance:com.spacejat.dashboard.testcases.LoginTest@376e7531]" started-at="2024-02-14T23:20:16 EET" name="SetUp" finished-at="2024-02-14T23:20:18 EET" duration-ms="2317" status="PASS">
          <params>
            <param index="0">
              <value>
                <![CDATA[[TestResult name={null} status=CREATED method=LoginTest.ShouldBeAbleExitToJoinMeetingAsAGuest()[pri:17, instance:com.spacejat.dashboard.testcases.LoginTest@376e7531] output={null}]]]>
              </value>
            </param>
          </params>
          <reporter-output>
          </reporter-output>
        </test-method> <!-- SetUp -->
        <test-method signature="ShouldBeAbleExitToJoinMeetingAsAGuest()[pri:17, instance:com.spacejat.dashboard.testcases.LoginTest@376e7531]" started-at="2024-02-14T23:20:18 EET" name="ShouldBeAbleExitToJoinMeetingAsAGuest" description="Test exit the Join Meeting functionality AS A Guest" finished-at="2024-02-14T23:20:22 EET" duration-ms="4300" status="PASS">
          <reporter-output>
          </reporter-output>
        </test-method> <!-- ShouldBeAbleExitToJoinMeetingAsAGuest -->
        <test-method is-config="true" signature="TearDown(org.testng.ITestResult)[pri:0, instance:com.spacejat.dashboard.testcases.LoginTest@376e7531]" started-at="2024-02-14T23:20:22 EET" name="TearDown" finished-at="2024-02-14T23:20:24 EET" duration-ms="2188" status="PASS">
          <params>
            <param index="0">
              <value>
                <![CDATA[[TestResult name=ShouldBeAbleExitToJoinMeetingAsAGuest status=SUCCESS method=LoginTest.ShouldBeAbleExitToJoinMeetingAsAGuest()[pri:17, instance:com.spacejat.dashboard.testcases.LoginTest@376e7531] output={null}]]]>
              </value>
            </param>
          </params>
          <reporter-output>
          </reporter-output>
        </test-method> <!-- TearDown -->
        <test-method is-config="true" signature="SetUp(org.testng.ITestResult)[pri:0, instance:com.spacejat.dashboard.testcases.LoginTest@376e7531]" started-at="2024-02-14T23:20:24 EET" name="SetUp" finished-at="2024-02-14T23:20:26 EET" duration-ms="1950" status="PASS">
          <params>
            <param index="0">
              <value>
                <![CDATA[[TestResult name={null} status=CREATED method=LoginTest.ShouldBeAbleCancelToJoinMeetingAsAGuest()[pri:18, instance:com.spacejat.dashboard.testcases.LoginTest@376e7531] output={null}]]]>
              </value>
            </param>
          </params>
          <reporter-output>
          </reporter-output>
        </test-method> <!-- SetUp -->
        <test-method signature="ShouldBeAbleCancelToJoinMeetingAsAGuest()[pri:18, instance:com.spacejat.dashboard.testcases.LoginTest@376e7531]" started-at="2024-02-14T23:20:26 EET" name="ShouldBeAbleCancelToJoinMeetingAsAGuest" description="Test cancel the login Meeting functionality AS A Guest" finished-at="2024-02-14T23:20:31 EET" duration-ms="4335" status="PASS">
          <reporter-output>
          </reporter-output>
        </test-method> <!-- ShouldBeAbleCancelToJoinMeetingAsAGuest -->
        <test-method is-config="true" signature="TearDown(org.testng.ITestResult)[pri:0, instance:com.spacejat.dashboard.testcases.LoginTest@376e7531]" started-at="2024-02-14T23:20:31 EET" name="TearDown" finished-at="2024-02-14T23:20:33 EET" duration-ms="2193" status="PASS">
          <params>
            <param index="0">
              <value>
                <![CDATA[[TestResult name=ShouldBeAbleCancelToJoinMeetingAsAGuest status=SUCCESS method=LoginTest.ShouldBeAbleCancelToJoinMeetingAsAGuest()[pri:18, instance:com.spacejat.dashboard.testcases.LoginTest@376e7531] output={null}]]]>
              </value>
            </param>
          </params>
          <reporter-output>
          </reporter-output>
        </test-method> <!-- TearDown -->
        <test-method is-config="true" signature="SetUp(org.testng.ITestResult)[pri:0, instance:com.spacejat.dashboard.testcases.LoginTest@376e7531]" started-at="2024-02-14T23:20:33 EET" name="SetUp" finished-at="2024-02-14T23:20:34 EET" duration-ms="1080" status="PASS">
          <params>
            <param index="0">
              <value>
                <![CDATA[[TestResult name={null} status=CREATED method=LoginTest.ShouldBeAbleToExitTermsAndConditions()[pri:19, instance:com.spacejat.dashboard.testcases.LoginTest@376e7531] output={null}]]]>
              </value>
            </param>
          </params>
          <reporter-output>
          </reporter-output>
        </test-method> <!-- SetUp -->
        <test-method signature="ShouldBeAbleToExitTermsAndConditions()[pri:19, instance:com.spacejat.dashboard.testcases.LoginTest@376e7531]" started-at="2024-02-14T23:20:34 EET" name="ShouldBeAbleToExitTermsAndConditions" description="Test exit the Terms And Conditions" finished-at="2024-02-14T23:20:38 EET" duration-ms="3669" status="PASS">
          <reporter-output>
          </reporter-output>
        </test-method> <!-- ShouldBeAbleToExitTermsAndConditions -->
        <test-method is-config="true" signature="TearDown(org.testng.ITestResult)[pri:0, instance:com.spacejat.dashboard.testcases.LoginTest@376e7531]" started-at="2024-02-14T23:20:38 EET" name="TearDown" finished-at="2024-02-14T23:20:40 EET" duration-ms="2209" status="PASS">
          <params>
            <param index="0">
              <value>
                <![CDATA[[TestResult name=ShouldBeAbleToExitTermsAndConditions status=SUCCESS method=LoginTest.ShouldBeAbleToExitTermsAndConditions()[pri:19, instance:com.spacejat.dashboard.testcases.LoginTest@376e7531] output={null}]]]>
              </value>
            </param>
          </params>
          <reporter-output>
          </reporter-output>
        </test-method> <!-- TearDown -->
      </class> <!-- com.spacejat.dashboard.testcases.LoginTest -->
      <class name="com.spacejat.dashboard.base.BaseTest">
        <test-method is-config="true" signature="DeleteVideos()[pri:0, instance:com.spacejat.dashboard.base.BaseTest@7e4d2287]" started-at="2024-02-14T23:14:22 EET" name="DeleteVideos" finished-at="2024-02-14T23:14:22 EET" duration-ms="48" status="PASS">
          <reporter-output>
          </reporter-output>
        </test-method> <!-- DeleteVideos -->
        <test-method is-config="true" signature="afterSuite()[pri:0, instance:com.spacejat.dashboard.base.BaseTest@7e4d2287]" started-at="2024-02-14T23:20:40 EET" name="afterSuite" finished-at="2024-02-14T23:20:40 EET" duration-ms="3" status="PASS">
          <reporter-output>
          </reporter-output>
        </test-method> <!-- afterSuite -->
      </class> <!-- com.spacejat.dashboard.base.BaseTest -->
      <class name="com.spacejat.dashboard.testcases.CreateChannelTest">
        <test-method is-config="true" signature="SetUp(org.testng.ITestResult)[pri:0, instance:com.spacejat.dashboard.testcases.CreateChannelTest@15ac59c2]" started-at="2024-02-14T23:14:40 EET" name="SetUp" finished-at="2024-02-14T23:14:42 EET" duration-ms="2048" status="PASS">
          <params>
            <param index="0">
              <value>
                <![CDATA[[TestResult name={null} status=CREATED method=CreateChannelTest.ShouldBeJoinGeneralChannel()[pri:1, instance:com.spacejat.dashboard.testcases.CreateChannelTest@15ac59c2] output={null}]]]>
              </value>
            </param>
          </params>
          <reporter-output>
          </reporter-output>
        </test-method> <!-- SetUp -->
        <test-method signature="ShouldBeJoinGeneralChannel()[pri:1, instance:com.spacejat.dashboard.testcases.CreateChannelTest@15ac59c2]" started-at="2024-02-14T23:14:42 EET" name="ShouldBeJoinGeneralChannel" description="Test the Join Channel functionality General Channel" finished-at="2024-02-14T23:14:47 EET" duration-ms="5143" status="FAIL">
          <exception class="org.openqa.selenium.StaleElementReferenceException">
            <message>
              <![CDATA[stale element reference: stale element not found
  (Session info: chrome=121.0.6167.162)
For documentation on this error, please visit: https://www.selenium.dev/documentation/webdriver/troubleshooting/errors#stale-element-reference-exception
Build info: version: '4.16.1', revision: '9b4c83354e'
System info: os.name: 'Windows 10', os.arch: 'amd64', os.version: '10.0', java.version: '19.0.2'
Driver info: org.openqa.selenium.chrome.ChromeDriver
Command: [953e81c55ee095e456852ac42af17740, clickElement {id=EF04DC726AB8E7F7F217EFBB854505DE_element_616}]
Capabilities {acceptInsecureCerts: false, browserName: chrome, browserVersion: 121.0.6167.162, chrome: {chromedriverVersion: 121.0.6167.85 (3f98d690ad7e..., userDataDir: C:\Users\BIDOKH~1\AppData\L...}, fedcm:accounts: true, goog:chromeOptions: {debuggerAddress: localhost:51712}, networkConnectionEnabled: false, pageLoadStrategy: normal, platformName: windows, proxy: Proxy(), se:cdp: ws://localhost:51712/devtoo..., se:cdpVersion: 121.0.6167.162, setWindowRect: true, strictFileInteractability: false, timeouts: {implicit: 0, pageLoad: 300000, script: 30000}, unhandledPromptBehavior: dismiss and notify, webauthn:extension:credBlob: true, webauthn:extension:largeBlob: true, webauthn:extension:minPinLength: true, webauthn:extension:prf: true, webauthn:virtualAuthenticators: true}
Element: [[ChromeDriver: chrome on windows (953e81c55ee095e456852ac42af17740)] -> xpath: //html/body/div/div[1]/div[53]/div[2]/div[6]/div/div[1]/div[1]]
Session ID: 953e81c55ee095e456852ac42af17740]]>
            </message>
            <full-stacktrace>
              <![CDATA[org.openqa.selenium.StaleElementReferenceException: stale element reference: stale element not found
  (Session info: chrome=121.0.6167.162)
For documentation on this error, please visit: https://www.selenium.dev/documentation/webdriver/troubleshooting/errors#stale-element-reference-exception
Build info: version: '4.16.1', revision: '9b4c83354e'
System info: os.name: 'Windows 10', os.arch: 'amd64', os.version: '10.0', java.version: '19.0.2'
Driver info: org.openqa.selenium.chrome.ChromeDriver
Command: [953e81c55ee095e456852ac42af17740, clickElement {id=EF04DC726AB8E7F7F217EFBB854505DE_element_616}]
Capabilities {acceptInsecureCerts: false, browserName: chrome, browserVersion: 121.0.6167.162, chrome: {chromedriverVersion: 121.0.6167.85 (3f98d690ad7e..., userDataDir: C:\Users\BIDOKH~1\AppData\L...}, fedcm:accounts: true, goog:chromeOptions: {debuggerAddress: localhost:51712}, networkConnectionEnabled: false, pageLoadStrategy: normal, platformName: windows, proxy: Proxy(), se:cdp: ws://localhost:51712/devtoo..., se:cdpVersion: 121.0.6167.162, setWindowRect: true, strictFileInteractability: false, timeouts: {implicit: 0, pageLoad: 300000, script: 30000}, unhandledPromptBehavior: dismiss and notify, webauthn:extension:credBlob: true, webauthn:extension:largeBlob: true, webauthn:extension:minPinLength: true, webauthn:extension:prf: true, webauthn:virtualAuthenticators: true}
Element: [[ChromeDriver: chrome on windows (953e81c55ee095e456852ac42af17740)] -> xpath: //html/body/div/div[1]/div[53]/div[2]/div[6]/div/div[1]/div[1]]
Session ID: 953e81c55ee095e456852ac42af17740
at java.base/jdk.internal.reflect.DirectConstructorHandleAccessor.newInstance(DirectConstructorHandleAccessor.java:67)
at java.base/java.lang.reflect.Constructor.newInstanceWithCaller(Constructor.java:500)
at java.base/java.lang.reflect.Constructor.newInstance(Constructor.java:484)
at org.openqa.selenium.remote.codec.w3c.W3CHttpResponseCodec.createException(W3CHttpResponseCodec.java:200)
at org.openqa.selenium.remote.codec.w3c.W3CHttpResponseCodec.decode(W3CHttpResponseCodec.java:133)
at org.openqa.selenium.remote.codec.w3c.W3CHttpResponseCodec.decode(W3CHttpResponseCodec.java:52)
at org.openqa.selenium.remote.HttpCommandExecutor.execute(HttpCommandExecutor.java:191)
at org.openqa.selenium.remote.service.DriverCommandExecutor.invokeExecute(DriverCommandExecutor.java:200)
at org.openqa.selenium.remote.service.DriverCommandExecutor.execute(DriverCommandExecutor.java:175)
at org.openqa.selenium.remote.RemoteWebDriver.execute(RemoteWebDriver.java:523)
at org.openqa.selenium.remote.RemoteWebElement.execute(RemoteWebElement.java:224)
at org.openqa.selenium.remote.RemoteWebElement.click(RemoteWebElement.java:77)
at java.base/jdk.internal.reflect.DirectMethodHandleAccessor.invoke(DirectMethodHandleAccessor.java:104)
at java.base/java.lang.reflect.Method.invoke(Method.java:578)
at org.openqa.selenium.support.pagefactory.internal.LocatingElementHandler.invoke(LocatingElementHandler.java:51)
at jdk.proxy2/jdk.proxy2.$Proxy21.click(Unknown Source)
at com.spacejat.dashboard.pages.HomePage.JoinGeneralChannel(HomePage.java:310)
at com.spacejat.dashboard.testcases.CreateChannelTest.ShouldBeJoinGeneralChannel(CreateChannelTest.java:22)
at java.base/jdk.internal.reflect.DirectMethodHandleAccessor.invoke(DirectMethodHandleAccessor.java:104)
at java.base/java.lang.reflect.Method.invoke(Method.java:578)
at org.testng.internal.invokers.MethodInvocationHelper.invokeMethod(MethodInvocationHelper.java:139)
at org.testng.internal.invokers.TestInvoker.invokeMethod(TestInvoker.java:664)
at org.testng.internal.invokers.TestInvoker.invokeTestMethod(TestInvoker.java:228)
at org.testng.internal.invokers.MethodRunner.runInSequence(MethodRunner.java:63)
at org.testng.internal.invokers.TestInvoker$MethodInvocationAgent.invoke(TestInvoker.java:961)
at org.testng.internal.invokers.TestInvoker.invokeTestMethods(TestInvoker.java:201)
at org.testng.internal.invokers.TestMethodWorker.invokeTestMethods(TestMethodWorker.java:148)
at org.testng.internal.invokers.TestMethodWorker.run(TestMethodWorker.java:128)
at java.base/java.util.ArrayList.forEach(ArrayList.java:1511)
at org.testng.TestRunner.privateRun(TestRunner.java:819)
at org.testng.TestRunner.run(TestRunner.java:619)
at org.testng.SuiteRunner.runTest(SuiteRunner.java:443)
at org.testng.SuiteRunner.runSequentially(SuiteRunner.java:437)
at org.testng.SuiteRunner.privateRun(SuiteRunner.java:397)
at org.testng.SuiteRunner.run(SuiteRunner.java:336)
at org.testng.SuiteRunnerWorker.runSuite(SuiteRunnerWorker.java:52)
at org.testng.SuiteRunnerWorker.run(SuiteRunnerWorker.java:95)
at org.testng.TestNG.runSuitesSequentially(TestNG.java:1301)
at org.testng.TestNG.runSuitesLocally(TestNG.java:1228)
at org.testng.TestNG.runSuites(TestNG.java:1134)
at org.testng.TestNG.run(TestNG.java:1101)
at org.apache.maven.surefire.testng.TestNGExecutor.run(TestNGExecutor.java:155)
at org.apache.maven.surefire.testng.TestNGDirectoryTestSuite.executeMulti(TestNGDirectoryTestSuite.java:169)
at org.apache.maven.surefire.testng.TestNGDirectoryTestSuite.execute(TestNGDirectoryTestSuite.java:88)
at org.apache.maven.surefire.testng.TestNGProvider.invoke(TestNGProvider.java:137)
at org.apache.maven.surefire.booter.ForkedBooter.runSuitesInProcess(ForkedBooter.java:385)
at org.apache.maven.surefire.booter.ForkedBooter.execute(ForkedBooter.java:162)
at org.apache.maven.surefire.booter.ForkedBooter.run(ForkedBooter.java:507)
at org.apache.maven.surefire.booter.ForkedBooter.main(ForkedBooter.java:495)
]]>
            </full-stacktrace>
          </exception> <!-- org.openqa.selenium.StaleElementReferenceException -->
          <reporter-output>
          </reporter-output>
        </test-method> <!-- ShouldBeJoinGeneralChannel -->
        <test-method is-config="true" signature="TearDown(org.testng.ITestResult)[pri:0, instance:com.spacejat.dashboard.testcases.CreateChannelTest@15ac59c2]" started-at="2024-02-14T23:14:47 EET" name="TearDown" finished-at="2024-02-14T23:14:49 EET" duration-ms="2283" status="PASS">
          <params>
            <param index="0">
              <value>
                <![CDATA[[TestResult name=ShouldBeJoinGeneralChannel status=FAILURE method=CreateChannelTest.ShouldBeJoinGeneralChannel()[pri:1, instance:com.spacejat.dashboard.testcases.CreateChannelTest@15ac59c2] output={null}]]]>
              </value>
            </param>
          </params>
          <reporter-output>
          </reporter-output>
        </test-method> <!-- TearDown -->
        <test-method is-config="true" signature="SetUp(org.testng.ITestResult)[pri:0, instance:com.spacejat.dashboard.testcases.CreateChannelTest@15ac59c2]" started-at="2024-02-14T23:14:49 EET" name="SetUp" finished-at="2024-02-14T23:14:51 EET" duration-ms="1924" status="PASS">
          <params>
            <param index="0">
              <value>
                <![CDATA[[TestResult name={null} status=CREATED method=CreateChannelTest.ShouldBePinAndUnpinChannelGeneral()[pri:2, instance:com.spacejat.dashboard.testcases.CreateChannelTest@15ac59c2] output={null}]]]>
              </value>
            </param>
          </params>
          <reporter-output>
          </reporter-output>
        </test-method> <!-- SetUp -->
        <test-method signature="ShouldBePinAndUnpinChannelGeneral()[pri:2, instance:com.spacejat.dashboard.testcases.CreateChannelTest@15ac59c2]" started-at="2024-02-14T23:14:51 EET" name="ShouldBePinAndUnpinChannelGeneral" description="Test the pin and unpin functionality General Channel" finished-at="2024-02-14T23:15:02 EET" duration-ms="10290" status="PASS">
          <reporter-output>
          </reporter-output>
        </test-method> <!-- ShouldBePinAndUnpinChannelGeneral -->
        <test-method is-config="true" signature="TearDown(org.testng.ITestResult)[pri:0, instance:com.spacejat.dashboard.testcases.CreateChannelTest@15ac59c2]" started-at="2024-02-14T23:15:02 EET" name="TearDown" finished-at="2024-02-14T23:15:04 EET" duration-ms="2216" status="PASS">
          <params>
            <param index="0">
              <value>
                <![CDATA[[TestResult name=ShouldBePinAndUnpinChannelGeneral status=SUCCESS method=CreateChannelTest.ShouldBePinAndUnpinChannelGeneral()[pri:2, instance:com.spacejat.dashboard.testcases.CreateChannelTest@15ac59c2] output={null}]]]>
              </value>
            </param>
          </params>
          <reporter-output>
          </reporter-output>
        </test-method> <!-- TearDown -->
        <test-method is-config="true" signature="SetUp(org.testng.ITestResult)[pri:0, instance:com.spacejat.dashboard.testcases.CreateChannelTest@15ac59c2]" started-at="2024-02-14T23:15:04 EET" name="SetUp" finished-at="2024-02-14T23:15:06 EET" duration-ms="1789" status="PASS">
          <params>
            <param index="0">
              <value>
                <![CDATA[[TestResult name={null} status=CREATED method=CreateChannelTest.ShouldBeAbleCreateTheChannelLocked()[pri:3, instance:com.spacejat.dashboard.testcases.CreateChannelTest@15ac59c2] output={null}]]]>
              </value>
            </param>
          </params>
          <reporter-output>
          </reporter-output>
        </test-method> <!-- SetUp -->
        <test-method signature="ShouldBeAbleCreateTheChannelLocked()[pri:3, instance:com.spacejat.dashboard.testcases.CreateChannelTest@15ac59c2]" started-at="2024-02-14T23:15:06 EET" name="ShouldBeAbleCreateTheChannelLocked" description="Test the Create channel functionality Selecting Locked" finished-at="2024-02-14T23:15:24 EET" duration-ms="18418" status="PASS">
          <reporter-output>
          </reporter-output>
        </test-method> <!-- ShouldBeAbleCreateTheChannelLocked -->
        <test-method is-config="true" signature="TearDown(org.testng.ITestResult)[pri:0, instance:com.spacejat.dashboard.testcases.CreateChannelTest@15ac59c2]" started-at="2024-02-14T23:15:24 EET" name="TearDown" finished-at="2024-02-14T23:15:26 EET" duration-ms="2214" status="PASS">
          <params>
            <param index="0">
              <value>
                <![CDATA[[TestResult name=ShouldBeAbleCreateTheChannelLocked status=SUCCESS method=CreateChannelTest.ShouldBeAbleCreateTheChannelLocked()[pri:3, instance:com.spacejat.dashboard.testcases.CreateChannelTest@15ac59c2] output={null}]]]>
              </value>
            </param>
          </params>
          <reporter-output>
          </reporter-output>
        </test-method> <!-- TearDown -->
        <test-method is-config="true" signature="SetUp(org.testng.ITestResult)[pri:0, instance:com.spacejat.dashboard.testcases.CreateChannelTest@15ac59c2]" started-at="2024-02-14T23:15:26 EET" name="SetUp" finished-at="2024-02-14T23:15:28 EET" duration-ms="1730" status="PASS">
          <params>
            <param index="0">
              <value>
                <![CDATA[[TestResult name={null} status=CREATED method=CreateChannelTest.ShouldBeAbleCreateTheChannelPublic()[pri:3, instance:com.spacejat.dashboard.testcases.CreateChannelTest@15ac59c2] output={null}]]]>
              </value>
            </param>
          </params>
          <reporter-output>
          </reporter-output>
        </test-method> <!-- SetUp -->
        <test-method signature="ShouldBeAbleCreateTheChannelPublic()[pri:3, instance:com.spacejat.dashboard.testcases.CreateChannelTest@15ac59c2]" started-at="2024-02-14T23:15:28 EET" name="ShouldBeAbleCreateTheChannelPublic" description="Test the Create channel functionality Selecting public" finished-at="2024-02-14T23:15:39 EET" duration-ms="11207" status="PASS">
          <reporter-output>
          </reporter-output>
        </test-method> <!-- ShouldBeAbleCreateTheChannelPublic -->
        <test-method is-config="true" signature="TearDown(org.testng.ITestResult)[pri:0, instance:com.spacejat.dashboard.testcases.CreateChannelTest@15ac59c2]" started-at="2024-02-14T23:15:39 EET" name="TearDown" finished-at="2024-02-14T23:15:41 EET" duration-ms="2293" status="PASS">
          <params>
            <param index="0">
              <value>
                <![CDATA[[TestResult name=ShouldBeAbleCreateTheChannelPublic status=SUCCESS method=CreateChannelTest.ShouldBeAbleCreateTheChannelPublic()[pri:3, instance:com.spacejat.dashboard.testcases.CreateChannelTest@15ac59c2] output={null}]]]>
              </value>
            </param>
          </params>
          <reporter-output>
          </reporter-output>
        </test-method> <!-- TearDown -->
      </class> <!-- com.spacejat.dashboard.testcases.CreateChannelTest -->
      <class name="com.spacejat.dashboard.testcases.ChatOneToOneTest">
        <test-method is-config="true" signature="SetUp(org.testng.ITestResult)[pri:0, instance:com.spacejat.dashboard.testcases.ChatOneToOneTest@34e20e6b]" started-at="2024-02-14T23:14:22 EET" name="SetUp" finished-at="2024-02-14T23:14:25 EET" duration-ms="2799" status="PASS">
          <params>
            <param index="0">
              <value>
                <![CDATA[[TestResult name={null} status=CREATED method=ChatOneToOneTest.ShouldBeAbleToOpenChatOne2One()[pri:1, instance:com.spacejat.dashboard.testcases.ChatOneToOneTest@34e20e6b] output={null}]]]>
              </value>
            </param>
          </params>
          <reporter-output>
          </reporter-output>
        </test-method> <!-- SetUp -->
        <test-method signature="ShouldBeAbleToOpenChatOne2One()[pri:1, instance:com.spacejat.dashboard.testcases.ChatOneToOneTest@34e20e6b]" started-at="2024-02-14T23:14:25 EET" name="ShouldBeAbleToOpenChatOne2One" description="Test the open chat functionality To Open Chat One To One" finished-at="2024-02-14T23:14:37 EET" duration-ms="12285" status="PASS">
          <reporter-output>
          </reporter-output>
        </test-method> <!-- ShouldBeAbleToOpenChatOne2One -->
        <test-method is-config="true" signature="TearDown(org.testng.ITestResult)[pri:0, instance:com.spacejat.dashboard.testcases.ChatOneToOneTest@34e20e6b]" started-at="2024-02-14T23:14:38 EET" name="TearDown" finished-at="2024-02-14T23:14:40 EET" duration-ms="2300" status="PASS">
          <params>
            <param index="0">
              <value>
                <![CDATA[[TestResult name=ShouldBeAbleToOpenChatOne2One status=SUCCESS method=ChatOneToOneTest.ShouldBeAbleToOpenChatOne2One()[pri:1, instance:com.spacejat.dashboard.testcases.ChatOneToOneTest@34e20e6b] output={null}]]]>
              </value>
            </param>
          </params>
          <reporter-output>
          </reporter-output>
        </test-method> <!-- TearDown -->
      </class> <!-- com.spacejat.dashboard.testcases.ChatOneToOneTest -->
    </test> <!-- Surefire test -->
  </suite> <!-- Surefire suite -->
</testng-results>
